[debug] [2026-04-15T07:08:28.042Z] ----------------------------------------------------------------------
[debug] [2026-04-15T07:08:28.044Z] Command:       C:\Program Files\nodejs\node.exe C:\Users\Swara Deshpande\AppData\Roaming\npm\node_modules\firebase-tools\lib\bin\firebase.js deploy
[debug] [2026-04-15T07:08:28.044Z] CLI Version:   15.14.0
[debug] [2026-04-15T07:08:28.044Z] Platform:      win32
[debug] [2026-04-15T07:08:28.044Z] Node Version:  v24.4.1
[debug] [2026-04-15T07:08:28.045Z] Time:          Wed Apr 15 2026 12:38:28 GMT+0530 (India Standard Time)
[debug] [2026-04-15T07:08:28.045Z] ----------------------------------------------------------------------
[debug] 
[debug] [2026-04-15T07:08:30.790Z] > command requires scopes: ["email","openid","https://www.googleapis.com/auth/cloudplatformprojects.readonly","https://www.googleapis.com/auth/firebase","https://www.googleapis.com/auth/cloud-platform"]
[debug] [2026-04-15T07:08:30.790Z] > authorizing via signed-in user (swara.011211@gmail.com)
[debug] [2026-04-15T07:08:30.791Z] [iam] checking project one-stop-9956a for permissions ["firebase.projects.get","firebasehosting.sites.update"]
[debug] [2026-04-15T07:08:30.791Z] Checked if tokens are valid: false, expires at: 1776191352009
[debug] [2026-04-15T07:08:30.791Z] Checked if tokens are valid: false, expires at: 1776191352009
[debug] [2026-04-15T07:08:30.791Z] > refreshing access token with scopes: []
[debug] [2026-04-15T07:08:30.792Z] >>> [apiv2][query] POST https://www.googleapis.com/oauth2/v3/token [none]
[debug] [2026-04-15T07:08:30.793Z] >>> [apiv2][body] POST https://www.googleapis.com/oauth2/v3/token [omitted]
[debug] [2026-04-15T07:08:31.247Z] <<< [apiv2][status] POST https://www.googleapis.com/oauth2/v3/token 200
[debug] [2026-04-15T07:08:31.247Z] <<< [apiv2][body] POST https://www.googleapis.com/oauth2/v3/token [omitted]
[debug] [2026-04-15T07:08:31.253Z] >>> [apiv2][query] POST https://cloudresourcemanager.googleapis.com/v1/projects/one-stop-9956a:testIamPermissions [none]
[debug] [2026-04-15T07:08:31.253Z] >>> [apiv2][(partial)header] POST https://cloudresourcemanager.googleapis.com/v1/projects/one-stop-9956a:testIamPermissions  x-goog-user-project=one-stop-9956a
[debug] [2026-04-15T07:08:31.253Z] >>> [apiv2][body] POST https://cloudresourcemanager.googleapis.com/v1/projects/one-stop-9956a:testIamPermissions {"permissions":["firebase.projects.get","firebasehosting.sites.update"]}
